
--- Log started at 2025-04-07 21:30:03.886620 ---
Activity tracker initialized
Focus score calculator initialized
Pomodoro timer initialized
Activity tracking started
Application initialized
Pomodoro timer started
Website detected: register.html (from title: localhost/dashborad/register.html - Google Chrome)
Uncategorized website detected: register.html
Website detected: register.html (from title: localhost/dashborad/register.html - Google Chrome)
Uncategorized website detected: register.html
Website detected: register.html (from title: localhost/dashborad/register.html - Google Chrome)
Uncategorized website detected: register.html
Website detected: register.html (from title: localhost/dashborad/register.html - Google Chrome)
Uncategorized website detected: register.html
Website detected: register.html (from title: localhost/dashborad/register.html - Google Chrome)
Uncategorized website detected: register.html
Website detected: register.html (from title: localhost/dashborad/register.html - Google Chrome)
Uncategorized website detected: register.html
Website detected: register.html (from title: localhost/dashborad/register.html - Google Chrome)
Uncategorized website detected: register.html
Website detected: register.html (from title: localhost/dashborad/register.html - Google Chrome)
Uncategorized website detected: register.html
Website detected: register.html (from title: localhost/dashborad/register.html - Google Chrome)
Uncategorized website detected: register.html
Website detected: register.html (from title: localhost/dashborad/register.html - Google Chrome)
Uncategorized website detected: register.html
Website detected: register.html (from title: localhost/dashborad/register.html - Google Chrome)
Uncategorized website detected: register.html
Website detected: register.html (from title: localhost/dashborad/register.html - Google Chrome)
Uncategorized website detected: register.html
Website detected: Seedia.city (from title: Smart Benches & Solar Benches for Modern Cities | Seedia.city - Google Chrome)
Uncategorized website detected: Seedia.city
Website detected: Seedia.city (from title: Smart Benches & Solar Benches for Modern Cities | Seedia.city - Google Chrome)
Uncategorized website detected: Seedia.city
Website detected: Seedia.city (from title: Smart Benches & Solar Benches for Modern Cities | Seedia.city - Google Chrome)
Uncategorized website detected: Seedia.city
Website detected: Seedia.city (from title: Smart Benches & Solar Benches for Modern Cities | Seedia.city - Google Chrome)
Uncategorized website detected: Seedia.city
Website detected: Seedia.city (from title: Smart Benches & Solar Benches for Modern Cities | Seedia.city - Google Chrome)
Uncategorized website detected: Seedia.city
Website detected: Seedia.city (from title: Smart Benches & Solar Benches for Modern Cities | Seedia.city - Google Chrome)
Uncategorized website detected: Seedia.city
Website detected: Seedia.city (from title: Smart Benches & Solar Benches for Modern Cities | Seedia.city - Google Chrome)
Uncategorized website detected: Seedia.city
Website detected: Seedia.city (from title: Smart Benches & Solar Benches for Modern Cities | Seedia.city - Google Chrome)
Uncategorized website detected: Seedia.city
Website detected: Seedia.city (from title: Smart Benches & Solar Benches for Modern Cities | Seedia.city - Google Chrome)
Uncategorized website detected: Seedia.city
Website detected: Seedia.city (from title: Smart Benches & Solar Benches for Modern Cities | Seedia.city - Google Chrome)
Uncategorized website detected: Seedia.city
Website detected: Seedia.city (from title: Smart Benches & Solar Benches for Modern Cities | Seedia.city - Google Chrome)
Uncategorized website detected: Seedia.city
Website detected: register.html (from title: localhost/dashborad/register.html - Google Chrome)
Uncategorized website detected: register.html
Website detected: Seedia.city (from title: Smart Benches & Solar Benches for Modern Cities | Seedia.city - Google Chrome)
Uncategorized website detected: Seedia.city
Website detected: register.html (from title: localhost/dashborad/register.html - Google Chrome)
Uncategorized website detected: register.html
Website detected: Seedia.city (from title: Smart Benches & Solar Benches for Modern Cities | Seedia.city - Google Chrome)
Uncategorized website detected: Seedia.city
Website detected: Seedia.city (from title: Smart Benches & Solar Benches for Modern Cities | Seedia.city - Google Chrome)
Uncategorized website detected: Seedia.city
Website detected: Seedia.city (from title: Smart Benches & Solar Benches for Modern Cities | Seedia.city - Google Chrome)
Uncategorized website detected: Seedia.city
Website detected: Seedia.city (from title: Smart Benches & Solar Benches for Modern Cities | Seedia.city - Google Chrome)
Uncategorized website detected: Seedia.city
Website detected: Seedia.city (from title: Smart Benches & Solar Benches for Modern Cities | Seedia.city - Google Chrome)
Uncategorized website detected: Seedia.city
Website detected: Seedia.city (from title: Smart Benches & Solar Benches for Modern Cities | Seedia.city - Google Chrome)
Uncategorized website detected: Seedia.city
Website detected: Seedia.city (from title: Smart Benches & Solar Benches for Modern Cities | Seedia.city - Google Chrome)
Uncategorized website detected: Seedia.city
Website detected: Seedia.city (from title: Smart Benches & Solar Benches for Modern Cities | Seedia.city - Google Chrome)
Uncategorized website detected: Seedia.city
Website detected: Seedia.city (from title: Smart Benches & Solar Benches for Modern Cities | Seedia.city - Google Chrome)
Uncategorized website detected: Seedia.city
Website detected: Seedia.city (from title: Smart Benches & Solar Benches for Modern Cities | Seedia.city - Google Chrome)
Uncategorized website detected: Seedia.city
Website detected: Seedia.city (from title: Smart Benches & Solar Benches for Modern Cities | Seedia.city - Google Chrome)
Uncategorized website detected: Seedia.city
Website detected: Seedia.city (from title: Smart Benches & Solar Benches for Modern Cities | Seedia.city - Google Chrome)
Uncategorized website detected: Seedia.city
Website detected: Seedia.city (from title: Smart Benches & Solar Benches for Modern Cities | Seedia.city - Google Chrome)
Uncategorized website detected: Seedia.city
Website detected: Seedia.city (from title: Smart Benches & Solar Benches for Modern Cities | Seedia.city - Google Chrome)
Uncategorized website detected: Seedia.city
Website detected: Seedia.city (from title: Smart Benches & Solar Benches for Modern Cities | Seedia.city - Google Chrome)
Uncategorized website detected: Seedia.city
Website detected: Seedia.city (from title: Smart Benches & Solar Benches for Modern Cities | Seedia.city - Google Chrome)
Uncategorized website detected: Seedia.city
Website detected: Seedia.city (from title: Smart Benches & Solar Benches for Modern Cities | Seedia.city - Google Chrome)
Uncategorized website detected: Seedia.city
Website detected: Seedia.city (from title: Smart Benches & Solar Benches for Modern Cities | Seedia.city - Google Chrome)
Uncategorized website detected: Seedia.city
Website detected: Seedia.city (from title: Smart Benches & Solar Benches for Modern Cities | Seedia.city - Google Chrome)
Uncategorized website detected: Seedia.city
Website detected: Seedia.city (from title: Smart Benches & Solar Benches for Modern Cities | Seedia.city - Google Chrome)
Uncategorized website detected: Seedia.city
Website detected: Seedia.city (from title: Smart Benches & Solar Benches for Modern Cities | Seedia.city - Google Chrome)
Uncategorized website detected: Seedia.city
Website detected: google.com (from title: google.com/search?q=smart+public+bench+methodology&sca_esv=4f7b8728d565568a&sxsrf=AHTn8zrbakEVXY2ueXOHLffxCFb8MEB_hw%3A1744041861474&ei=hffzZ6LYHOS5seMP2vP-oAU&oq=smart+public+bench+methodolo&gs_lp=Egxnd3Mtd2l6LXNlcnAiHHNtYXJ0IHB1YmxpYyBiZW5jaCBtZXRob2RvbG8qAggAMgcQIRigARgKMgcQIRigARgKSLIYUGhYkA9wAXgBkAEAmAHjBqABhBKqAQsyLTEuMi4xLjAuMbgBAcgBAPgBAZgCBqACpRLCAgoQABiwAxjWBBhHwgIFECEYoAGYAwCIBgGQBgiSBw0xLjAuMS4yLjEuMC4xoAePDbIHCzItMS4yLjEuMC4xuAeZEg&sclient=gws-wiz-serp - Google Chrome)
Uncategorized website detected: google.com
Website detected: moment... (from title: Just a moment... - Google Chrome)
Uncategorized website detected: moment...
Website detected: moment... (from title: Just a moment... - Google Chrome)
Uncategorized website detected: moment...
Website detected: moment... (from title: Just a moment... - Google Chrome)
Uncategorized website detected: moment...
Website detected: moment... (from title: Just a moment... - Google Chrome)
Uncategorized website detected: moment...
Website detected: moment... (from title: Just a moment... - Google Chrome)
Uncategorized website detected: moment...
Website detected: moment... (from title: Just a moment... - Google Chrome)
Uncategorized website detected: moment...
Website detected: moment... (from title: Just a moment... - Google Chrome)
Uncategorized website detected: moment...
Website detected: moment... (from title: Just a moment... - Google Chrome)
Uncategorized website detected: moment...
Website detected: moment... (from title: Just a moment... - Google Chrome)
Uncategorized website detected: moment...
Website detected: researchgate.net (from title: researchgate.net/publication/357253924_Design_and_Implementation_of_Smart_Bench_Integrated_Solar_Cell_for_Public_Space_Electricity_Saving/citation/download?_tp=eyJjb250ZXh0Ijp7ImZpcnN0UGFnZSI6InB1YmxpY2F0aW9uIiwicGFnZSI6InB1YmxpY2F0aW9uIn19 - Google Chrome)
Uncategorized website detected: researchgate.net
Website detected: researchgate.net (from title: researchgate.net/publication/357253924_Design_and_Implementation_of_Smart_Bench_Integrated_Solar_Cell_for_Public_Space_Electricity_Saving/citation/download?_tp=eyJjb250ZXh0Ijp7ImZpcnN0UGFnZSI6InB1YmxpY2F0aW9uIiwicGFnZSI6InB1YmxpY2F0aW9uIn19 - Google Chrome)
Uncategorized website detected: researchgate.net
Website detected: researchgate.net (from title: researchgate.net/publication/357253924_Design_and_Implementation_of_Smart_Bench_Integrated_Solar_Cell_for_Public_Space_Electricity_Saving/citation/download?_tp=eyJjb250ZXh0Ijp7ImZpcnN0UGFnZSI6InB1YmxpY2F0aW9uIiwicGFnZSI6InB1YmxpY2F0aW9uIn19 - Google Chrome)
Uncategorized website detected: researchgate.net
Notification: Time for a short break! - Take a quick break to refresh.
Website detected: moment... (from title: Just a moment... - Google Chrome)
Uncategorized website detected: moment...
Website detected: moment... (from title: Just a moment... - Google Chrome)
Uncategorized website detected: moment...
Website detected: moment... (from title: Just a moment... - Google Chrome)
Uncategorized website detected: moment...
Website detected: moment... (from title: Just a moment... - Google Chrome)
Uncategorized website detected: moment...
Website detected: moment... (from title: Just a moment... - Google Chrome)
Uncategorized website detected: moment...
Website detected: moment... (from title: Just a moment... - Google Chrome)
Uncategorized website detected: moment...
Website detected: moment... (from title: Just a moment... - Google Chrome)
Uncategorized website detected: moment...
Website detected: moment... (from title: Just a moment... - Google Chrome)
Uncategorized website detected: moment...
Website detected: moment... (from title: Just a moment... - Google Chrome)
Uncategorized website detected: moment...
Website detected: moment... (from title: Just a moment... - Google Chrome)
Uncategorized website detected: moment...
Website detected: moment... (from title: Just a moment... - Google Chrome)
Uncategorized website detected: moment...
Website detected: moment... (from title: Just a moment... - Google Chrome)
Uncategorized website detected: moment...
Website detected: moment... (from title: Just a moment... - Google Chrome)
Uncategorized website detected: moment...
Website detected: moment... (from title: Just a moment... - Google Chrome)
Uncategorized website detected: moment...
Website detected: moment... (from title: Just a moment... - Google Chrome)
Uncategorized website detected: moment...
Website detected: moment... (from title: Just a moment... - Google Chrome)
Uncategorized website detected: moment...
Website detected: moment... (from title: Just a moment... - Google Chrome)
Uncategorized website detected: moment...
Website detected: moment... (from title: Just a moment... - Google Chrome)
Uncategorized website detected: moment...
Website detected: moment... (from title: Just a moment... - Google Chrome)
Uncategorized website detected: moment...
Website detected: moment... (from title: Just a moment... - Google Chrome)
Uncategorized website detected: moment...
Website detected: moment... (from title: Just a moment... - Google Chrome)
Uncategorized website detected: moment...
Website detected: moment... (from title: Just a moment... - Google Chrome)
Uncategorized website detected: moment...
Website detected: moment... (from title: Just a moment... - Google Chrome)
Uncategorized website detected: moment...
Website detected: moment... (from title: Just a moment... - Google Chrome)
Uncategorized website detected: moment...
Website detected: moment... (from title: Just a moment... - Google Chrome)
Uncategorized website detected: moment...
Website detected: moment... (from title: Just a moment... - Google Chrome)
Uncategorized website detected: moment...
Website detected: moment... (from title: Just a moment... - Google Chrome)
Uncategorized website detected: moment...
Website detected: moment... (from title: Just a moment... - Google Chrome)
Uncategorized website detected: moment...
Website detected: moment... (from title: Just a moment... - Google Chrome)
Uncategorized website detected: moment...
Website detected: moment... (from title: Just a moment... - Google Chrome)
Uncategorized website detected: moment...
Website detected: moment... (from title: Just a moment... - Google Chrome)
Uncategorized website detected: moment...
Website detected: moment... (from title: Just a moment... - Google Chrome)
Uncategorized website detected: moment...
Website detected: moment... (from title: Just a moment... - Google Chrome)
Uncategorized website detected: moment...
Website detected: moment... (from title: Just a moment... - Google Chrome)
Uncategorized website detected: moment...
Website detected: moment... (from title: Just a moment... - Google Chrome)
Uncategorized website detected: moment...
Website detected: moment... (from title: Just a moment... - Google Chrome)
Uncategorized website detected: moment...
Website detected: moment... (from title: Just a moment... - Google Chrome)
Uncategorized website detected: moment...
Website detected: moment... (from title: Just a moment... - Google Chrome)
Uncategorized website detected: moment...
Website detected: moment... (from title: Just a moment... - Google Chrome)
Uncategorized website detected: moment...
Website detected: moment... (from title: Just a moment... - Google Chrome)
Uncategorized website detected: moment...
Website detected: moment... (from title: Just a moment... - Google Chrome)
Uncategorized website detected: moment...
Website detected: moment... (from title: Just a moment... - Google Chrome)
Uncategorized website detected: moment...
Website detected: moment... (from title: Just a moment... - Google Chrome)
Uncategorized website detected: moment...
Website detected: moment... (from title: Just a moment... - Google Chrome)
Uncategorized website detected: moment...
Website detected: register.html (from title: localhost/dashborad/register.html - Google Chrome)
Uncategorized website detected: register.html
Website detected: register.html (from title: localhost/dashborad/register.html - Google Chrome)
Uncategorized website detected: register.html
Website detected: register.html (from title: localhost/dashborad/register.html - Google Chrome)
Uncategorized website detected: register.html
Notification: Break over! - Time to get back to work.
Website detected: moment... (from title: Just a moment... - Google Chrome)
Uncategorized website detected: moment...
Website detected: moment... (from title: Just a moment... - Google Chrome)
Uncategorized website detected: moment...
Website detected: moment... (from title: Just a moment... - Google Chrome)
Uncategorized website detected: moment...
Website detected: moment... (from title: Just a moment... - Google Chrome)
Uncategorized website detected: moment...
Website detected: moment... (from title: Just a moment... - Google Chrome)
Uncategorized website detected: moment...
Website detected: moment... (from title: Just a moment... - Google Chrome)
Uncategorized website detected: moment...
Website detected: moment... (from title: Just a moment... - Google Chrome)
Uncategorized website detected: moment...
Website detected: moment... (from title: Just a moment... - Google Chrome)
Uncategorized website detected: moment...
Website detected: moment... (from title: Just a moment... - Google Chrome)
Uncategorized website detected: moment...
Website detected: moment... (from title: Just a moment... - Google Chrome)
Uncategorized website detected: moment...
Website detected: moment... (from title: Just a moment... - Google Chrome)
Uncategorized website detected: moment...
Website detected: moment... (from title: Just a moment... - Google Chrome)
Uncategorized website detected: moment...
Website detected: moment... (from title: Just a moment... - Google Chrome)
Uncategorized website detected: moment...
Website detected: moment... (from title: Just a moment... - Google Chrome)
Uncategorized website detected: moment...
Website detected: moment... (from title: Just a moment... - Google Chrome)
Uncategorized website detected: moment...
Website detected: moment... (from title: Just a moment... - Google Chrome)
Uncategorized website detected: moment...
Website detected: moment... (from title: Just a moment... - Google Chrome)
Uncategorized website detected: moment...
Website detected: moment... (from title: Just a moment... - Google Chrome)
Uncategorized website detected: moment...
Website detected: moment... (from title: Just a moment... - Google Chrome)
Uncategorized website detected: moment...
Website detected: moment... (from title: Just a moment... - Google Chrome)
Uncategorized website detected: moment...
Website detected: moment... (from title: Just a moment... - Google Chrome)
Uncategorized website detected: moment...
Website detected: moment... (from title: Just a moment... - Google Chrome)
Uncategorized website detected: moment...
Website detected: moment... (from title: Just a moment... - Google Chrome)
Uncategorized website detected: moment...
Website detected: moment... (from title: Just a moment... - Google Chrome)
Uncategorized website detected: moment...
Website detected: moment... (from title: Just a moment... - Google Chrome)
Uncategorized website detected: moment...
Website detected: moment... (from title: Just a moment... - Google Chrome)
Uncategorized website detected: moment...
Website detected: moment... (from title: Just a moment... - Google Chrome)
Uncategorized website detected: moment...
Website detected: moment... (from title: Just a moment... - Google Chrome)
Uncategorized website detected: moment...
Website detected: moment... (from title: Just a moment... - Google Chrome)
Uncategorized website detected: moment...
Website detected: moment... (from title: Just a moment... - Google Chrome)
Uncategorized website detected: moment...
Website detected: moment... (from title: Just a moment... - Google Chrome)
Uncategorized website detected: moment...
Website detected: moment... (from title: Just a moment... - Google Chrome)
Uncategorized website detected: moment...
Website detected: moment... (from title: Just a moment... - Google Chrome)
Uncategorized website detected: moment...
Website detected: moment... (from title: Just a moment... - Google Chrome)
Uncategorized website detected: moment...
Website detected: moment... (from title: Just a moment... - Google Chrome)
Uncategorized website detected: moment...
Website detected: moment... (from title: Just a moment... - Google Chrome)
Uncategorized website detected: moment...
Website detected: moment... (from title: Just a moment... - Google Chrome)
Uncategorized website detected: moment...
Website detected: moment... (from title: Just a moment... - Google Chrome)
Uncategorized website detected: moment...
Website detected: moment... (from title: Just a moment... - Google Chrome)
Uncategorized website detected: moment...
Website detected: moment... (from title: Just a moment... - Google Chrome)
Uncategorized website detected: moment...
Website detected: moment... (from title: Just a moment... - Google Chrome)
Uncategorized website detected: moment...
Website detected: moment... (from title: Just a moment... - Google Chrome)
Uncategorized website detected: moment...
Website detected: moment... (from title: Just a moment... - Google Chrome)
Uncategorized website detected: moment...
Website detected: moment... (from title: Just a moment... - Google Chrome)
Uncategorized website detected: moment...
Website detected: moment... (from title: Just a moment... - Google Chrome)
Uncategorized website detected: moment...
Website detected: moment... (from title: Just a moment... - Google Chrome)
Uncategorized website detected: moment...
Website detected: moment... (from title: Just a moment... - Google Chrome)
Uncategorized website detected: moment...
Website detected: moment... (from title: Just a moment... - Google Chrome)
Uncategorized website detected: moment...
Website detected: moment... (from title: Just a moment... - Google Chrome)
Uncategorized website detected: moment...
Website detected: moment... (from title: Just a moment... - Google Chrome)
Uncategorized website detected: moment...
Website detected: moment... (from title: Just a moment... - Google Chrome)
Uncategorized website detected: moment...
Website detected: moment... (from title: Just a moment... - Google Chrome)
Uncategorized website detected: moment...
Website detected: moment... (from title: Just a moment... - Google Chrome)
Uncategorized website detected: moment...
Website detected: moment... (from title: Just a moment... - Google Chrome)
Uncategorized website detected: moment...
Website detected: moment... (from title: Just a moment... - Google Chrome)
Uncategorized website detected: moment...
Website detected: moment... (from title: Just a moment... - Google Chrome)
Uncategorized website detected: moment...
Website detected: moment... (from title: Just a moment... - Google Chrome)
Uncategorized website detected: moment...
Website detected: moment... (from title: Just a moment... - Google Chrome)
Uncategorized website detected: moment...
Website detected: moment... (from title: Just a moment... - Google Chrome)
Uncategorized website detected: moment...
Website detected: moment... (from title: Just a moment... - Google Chrome)
Uncategorized website detected: moment...
Website detected: moment... (from title: Just a moment... - Google Chrome)
Uncategorized website detected: moment...
Website detected: moment... (from title: Just a moment... - Google Chrome)
Uncategorized website detected: moment...
Website detected: moment... (from title: Just a moment... - Google Chrome)
Uncategorized website detected: moment...
Website detected: moment... (from title: Just a moment... - Google Chrome)
Uncategorized website detected: moment...
Website detected: moment... (from title: Just a moment... - Google Chrome)
Uncategorized website detected: moment...
Website detected: moment... (from title: Just a moment... - Google Chrome)
Uncategorized website detected: moment...
Website detected: moment... (from title: Just a moment... - Google Chrome)
Uncategorized website detected: moment...
Website detected: moment... (from title: Just a moment... - Google Chrome)
Uncategorized website detected: moment...
Website detected: moment... (from title: Just a moment... - Google Chrome)
Uncategorized website detected: moment...
Website detected: moment... (from title: Just a moment... - Google Chrome)
Uncategorized website detected: moment...
Website detected: moment... (from title: Just a moment... - Google Chrome)
Uncategorized website detected: moment...
Website detected: moment... (from title: Just a moment... - Google Chrome)
Uncategorized website detected: moment...
Website detected: moment... (from title: Just a moment... - Google Chrome)
Uncategorized website detected: moment...
Website detected: moment... (from title: Just a moment... - Google Chrome)
Uncategorized website detected: moment...
Website detected: moment... (from title: Just a moment... - Google Chrome)
Uncategorized website detected: moment...
Website detected: moment... (from title: Just a moment... - Google Chrome)
Uncategorized website detected: moment...
Website detected: moment... (from title: Just a moment... - Google Chrome)
Uncategorized website detected: moment...
Website detected: moment... (from title: Just a moment... - Google Chrome)
Uncategorized website detected: moment...
Website detected: moment... (from title: Just a moment... - Google Chrome)
Uncategorized website detected: moment...
Website detected: moment... (from title: Just a moment... - Google Chrome)
Uncategorized website detected: moment...
Website detected: moment... (from title: Just a moment... - Google Chrome)
Uncategorized website detected: moment...
Website detected: moment... (from title: Just a moment... - Google Chrome)
Uncategorized website detected: moment...
Website detected: moment... (from title: Just a moment... - Google Chrome)
Uncategorized website detected: moment...
Website detected: moment... (from title: Just a moment... - Google Chrome)
Uncategorized website detected: moment...
Website detected: moment... (from title: Just a moment... - Google Chrome)
Uncategorized website detected: moment...
Website detected: moment... (from title: Just a moment... - Google Chrome)
Uncategorized website detected: moment...
Website detected: moment... (from title: Just a moment... - Google Chrome)
Uncategorized website detected: moment...
Website detected: moment... (from title: Just a moment... - Google Chrome)
Uncategorized website detected: moment...
Website detected: moment... (from title: Just a moment... - Google Chrome)
Uncategorized website detected: moment...
Website detected: moment... (from title: Just a moment... - Google Chrome)
Uncategorized website detected: moment...
Website detected: moment... (from title: Just a moment... - Google Chrome)
Uncategorized website detected: moment...
Website detected: moment... (from title: Just a moment... - Google Chrome)
Uncategorized website detected: moment...
Website detected: moment... (from title: Just a moment... - Google Chrome)
Uncategorized website detected: moment...
Error logging activity: 'charmap' codec can't encode character '\u200b' in position 61: character maps to <undefined>
Notification: Time for a short break! - Take a quick break to refresh.
Notification: Break over! - Time to get back to work.
Notification: Time for a short break! - Take a quick break to refresh.
Notification: Break over! - Time to get back to work.
Notification: Time for a long break! - Take a longer break to recharge.
Notification: Break over! - Time to get back to work.
Notification: Time for a short break! - Take a quick break to refresh.
Notification: Break over! - Time to get back to work.
Notification: Time for a short break! - Take a quick break to refresh.
Notification: Break over! - Time to get back to work.
Notification: Time for a short break! - Take a quick break to refresh.
Notification: Break over! - Time to get back to work.
